22-Nov-2023 08:58:02.501 INFORMACIÓN [main] org.apache.catalina.startup.VersionLoggerListener.log Nombre de la versión del servidor: Apache Tomcat/9.0.83
22-Nov-2023 08:58:02.504 INFORMACIÓN [main] org.apache.catalina.startup.VersionLoggerListener.log Server built:                      Nov 9 2023 20:57:42 UTC
22-Nov-2023 08:58:02.504 INFORMACIÓN [main] org.apache.catalina.startup.VersionLoggerListener.log Número de versión de servidor:     9.0.83.0
22-Nov-2023 08:58:02.504 INFORMACIÓN [main] org.apache.catalina.startup.VersionLoggerListener.log OS Name:                           Windows 10
22-Nov-2023 08:58:02.504 INFORMACIÓN [main] org.apache.catalina.startup.VersionLoggerListener.log Versión de Systema Operativo:      10.0
22-Nov-2023 08:58:02.504 INFORMACIÓN [main] org.apache.catalina.startup.VersionLoggerListener.log Arquitectura:                      amd64
22-Nov-2023 08:58:02.504 INFORMACIÓN [main] org.apache.catalina.startup.VersionLoggerListener.log Java Home:                         C:\Program Files\Eclipse Adoptium\jdk-17.0.7.7-hotspot
22-Nov-2023 08:58:02.504 INFORMACIÓN [main] org.apache.catalina.startup.VersionLoggerListener.log JVM Version:                       17.0.7+7
22-Nov-2023 08:58:02.504 INFORMACIÓN [main] org.apache.catalina.startup.VersionLoggerListener.log Vededor JVM:                       Eclipse Adoptium
22-Nov-2023 08:58:02.504 INFORMACIÓN [main] org.apache.catalina.startup.VersionLoggerListener.log CATALINA_BASE:                     C:\Users\S2-PC00\Desktop\Nueva carpeta\Vinted-Grado-DAM
22-Nov-2023 08:58:02.504 INFORMACIÓN [main] org.apache.catalina.startup.VersionLoggerListener.log CATALINA_HOME:                     C:\Users\S2-PC00\Desktop\Nueva carpeta\Vinted-Grado-DAM\Software\apache-tomcat-9.0.83
22-Nov-2023 08:58:02.514 INFORMACIÓN [main] org.apache.catalina.startup.VersionLoggerListener.log Command line argument:             --add-opens=java.base/java.lang=ALL-UNNAMED
22-Nov-2023 08:58:02.514 INFORMACIÓN [main] org.apache.catalina.startup.VersionLoggerListener.log Command line argument:             --add-opens=java.base/java.io=ALL-UNNAMED
22-Nov-2023 08:58:02.514 INFORMACIÓN [main] org.apache.catalina.startup.VersionLoggerListener.log Command line argument:             --add-opens=java.base/java.util=ALL-UNNAMED
22-Nov-2023 08:58:02.514 INFORMACIÓN [main] org.apache.catalina.startup.VersionLoggerListener.log Command line argument:             --add-opens=java.base/java.util.concurrent=ALL-UNNAMED
22-Nov-2023 08:58:02.514 INFORMACIÓN [main] org.apache.catalina.startup.VersionLoggerListener.log Command line argument:             --add-opens=java.rmi/sun.rmi.transport=ALL-UNNAMED
22-Nov-2023 08:58:02.514 INFORMACIÓN [main] org.apache.catalina.startup.VersionLoggerListener.log Command line argument:             -Dcatalina.home=C:\Users\S2-PC00\Desktop\Nueva carpeta\Vinted-Grado-DAM\Software\apache-tomcat-9.0.83
22-Nov-2023 08:58:02.514 INFORMACIÓN [main] org.apache.catalina.startup.VersionLoggerListener.log Command line argument:             -Dcatalina.base=C:\Users\S2-PC00\Desktop\Nueva carpeta\Vinted-Grado-DAM
22-Nov-2023 08:58:02.514 INFORMACIÓN [main] org.apache.catalina.startup.VersionLoggerListener.log Command line argument:             -Djava.io.tmpdir=C:\Users\S2-PC00\Desktop\Nueva carpeta\Vinted-Grado-DAM\temp
22-Nov-2023 08:58:02.514 INFORMACIÓN [main] org.apache.catalina.startup.VersionLoggerListener.log Command line argument:             -Djava.util.logging.config.file=C:\Users\S2-PC00\Desktop\Nueva carpeta\Vinted-Grado-DAM\conf\logging.properties
22-Nov-2023 08:58:02.514 INFORMACIÓN [main] org.apache.catalina.startup.VersionLoggerListener.log Command line argument:             -Djava.util.logging.manager=org.apache.juli.ClassLoaderLogManager
22-Nov-2023 08:58:02.515 INFORMACIÓN [main] org.apache.catalina.startup.VersionLoggerListener.log Command line argument:             -javaagent:C:\Program Files\JetBrains\IntelliJ IDEA Community Edition 2023.1.3\lib\idea_rt.jar=64538:C:\Program Files\JetBrains\IntelliJ IDEA Community Edition 2023.1.3\bin
22-Nov-2023 08:58:02.515 INFORMACIÓN [main] org.apache.catalina.startup.VersionLoggerListener.log Command line argument:             -Dfile.encoding=UTF-8
22-Nov-2023 08:58:02.522 INFORMACIÓN [main] org.apache.catalina.core.AprLifecycleListener.lifecycleEvent La biblioteca nativa de Apache Tomcat basada en ARP que permite un rendimiento óptimo en entornos de desarrollo no ha sido hallada en java.library.path: [C:\Program Files\Eclipse Adoptium\jdk-17.0.7.7-hotspot\bin;C:\Windows\Sun\Java\bin;C:\Windows\system32;C:\Windows;C:\app\S2-PC00\product\21c\dbhomeXE\bin;C:\Program Files\Microsoft\jdk-11.0.16.101-hotspot\bin;C:\Program Files\Eclipse Adoptium\jdk-17.0.7.7-hotspot\bin;C:\Program Files\Eclipse Adoptium\jdk-11.0.19.7-hotspot\bin;C:\Program Files (x86)\Common Files\Oracle\Java\javapath;C:\Windows\system32;C:\Windows;C:\Windows\System32\Wbem;C:\Windows\System32\WindowsPowerShell\v1.0\;C:\Windows\System32\OpenSSH\;C:\apache-maven-3.9.2\bin;C:\Program Files\dotnet\;C:\Program Files\Git\cmd;C:\Program Files\Docker\Docker\resources\bin;C:\Users\S2-PC00\AppData\Roaming\nvm;C:\Program Files\nodejs;C:\Users\S2-PC00\AppData\Local\Microsoft\WindowsApps;C:\Users\S2-PC00\AppData\Local\Programs\Microsoft VS Code\bin;C:\Users\S2-PC00\.dotnet\tools;C:\Users\S2-PC00\AppData\Roaming\npm;C:\Users\S2-PC00\AppData\Roaming\nvm;C:\Program Files\nodejs;C:\Program Files\JetBrains\IntelliJ IDEA Community Edition 2023.1.3\bin;;C:\Users\S2-PC00\AppData\Local\GitHubDesktop\bin;.]
22-Nov-2023 08:58:02.706 INFORMACIÓN [main] org.apache.coyote.AbstractProtocol.init Inicializando el manejador de protocolo ["http-nio-8080"]

22-Nov-2023 08:58:02.722 INFORMACIÓN [main] org.apache.catalina.startup.Catalina.load Server initialization in [362] milliseconds
22-Nov-2023 08:58:02.759 INFORMACIÓN [main] org.apache.catalina.core.StandardService.startInternal Arrancando servicio [Catalina]
22-Nov-2023 08:58:02.760 INFORMACIÓN [main] org.apache.catalina.core.StandardEngine.startInternal Starting Servlet engine: [Apache Tomcat/9.0.83]
22-Nov-2023 08:58:02.768 INFORMACIÓN [main] org.apache.catalina.startup.HostConfig.deployDescriptor Desplieque del descriptor de configuración [C:\Users\S2-PC00\Desktop\Nueva carpeta\Vinted-Grado-DAM\conf\Catalina\localhost\ROOT.xml]
22-Nov-2023 08:58:03.340 INFORMACIÓN [main] org.apache.jasper.servlet.TldScanner.scanJars Al menos un JAR, que se ha explorado buscando TLDs, aún no contenía TLDs. Activar historial de depuración para este historiador para una completa lista de los JARs que fueron explorados y de los que nos se halló TLDs. Saltarse JARs no necesarios durante la exploración puede dar lugar a una mejora de tiempo significativa en el arranque y compilación de JSP .
22-Nov-2023 08:58:03.398 INFORMACIÓN [main] org.apache.catalina.startup.HostConfig.deployDescriptor Deployment of deployment descriptor [C:\Users\S2-PC00\Desktop\Nueva carpeta\Vinted-Grado-DAM\conf\Catalina\localhost\ROOT.xml] has finished in [628] ms
22-Nov-2023 08:58:03.400 INFORMACIÓN [main] org.apache.coyote.AbstractProtocol.start Starting ProtocolHandler ["http-nio-8080"]
22-Nov-2023 08:58:03.436 INFORMACIÓN [main] org.apache.catalina.startup.Catalina.start Server startup in [712] milliseconds
22-Nov-2023 09:41:03.036 INFORMACIÓN [Thread-1] org.apache.coyote.AbstractProtocol.pause Pausing ProtocolHandler ["http-nio-8080"]
22-Nov-2023 09:41:03.042 INFORMACIÓN [Thread-1] org.apache.catalina.core.StandardService.stopInternal Parando servicio [Catalina]
22-Nov-2023 09:41:03.047 ADVERTENCIA [Thread-1] org.apache.catalina.loader.WebappClassLoaderBase.clearReferencesJdbc La aplicación web [ROOT] registró el conductor JDBC [com.mysql.cj.jdbc.Driver] pero falló al anular el registro mientras la aplicación web estaba parada. Para prevenir un fallo de memoria, se ha anulado el registro del conductor JDBC por la fuerza.
22-Nov-2023 09:41:03.047 ADVERTENCIA [Thread-1] org.apache.catalina.loader.WebappClassLoaderBase.clearReferencesThreads The web application [ROOT] appears to have started a thread named [mysql-cj-abandoned-connection-cleanup] but has failed to stop it. This is very likely to create a memory leak. Stack trace of thread:
 java.base@17.0.7/java.lang.Object.wait(Native Method)
 java.base@17.0.7/java.lang.ref.ReferenceQueue.remove(ReferenceQueue.java:155)
 com.mysql.cj.jdbc.AbandonedConnectionCleanupThread.run(AbandonedConnectionCleanupThread.java:91)
 java.base@17.0.7/java.util.concurrent.ThreadPoolExecutor.runWorker(ThreadPoolExecutor.java:1136)
 java.base@17.0.7/java.util.concurrent.ThreadPoolExecutor$Worker.run(ThreadPoolExecutor.java:635)
 java.base@17.0.7/java.lang.Thread.run(Thread.java:833)
22-Nov-2023 09:41:03.052 INFORMACIÓN [Thread-1] org.apache.coyote.AbstractProtocol.stop Stopping ProtocolHandler ["http-nio-8080"]
22-Nov-2023 09:41:03.054 INFORMACIÓN [Thread-1] org.apache.coyote.AbstractProtocol.destroy Destroying ProtocolHandler ["http-nio-8080"]
22-Nov-2023 09:41:07.964 INFORMACIÓN [main] org.apache.catalina.startup.VersionLoggerListener.log Nombre de la versión del servidor: Apache Tomcat/9.0.83
22-Nov-2023 09:41:07.968 INFORMACIÓN [main] org.apache.catalina.startup.VersionLoggerListener.log Server built:                      Nov 9 2023 20:57:42 UTC
22-Nov-2023 09:41:07.969 INFORMACIÓN [main] org.apache.catalina.startup.VersionLoggerListener.log Número de versión de servidor:     9.0.83.0
22-Nov-2023 09:41:07.969 INFORMACIÓN [main] org.apache.catalina.startup.VersionLoggerListener.log OS Name:                           Windows 10
22-Nov-2023 09:41:07.969 INFORMACIÓN [main] org.apache.catalina.startup.VersionLoggerListener.log Versión de Systema Operativo:      10.0
22-Nov-2023 09:41:07.969 INFORMACIÓN [main] org.apache.catalina.startup.VersionLoggerListener.log Arquitectura:                      amd64
22-Nov-2023 09:41:07.969 INFORMACIÓN [main] org.apache.catalina.startup.VersionLoggerListener.log Java Home:                         C:\Program Files\Eclipse Adoptium\jdk-17.0.7.7-hotspot
22-Nov-2023 09:41:07.969 INFORMACIÓN [main] org.apache.catalina.startup.VersionLoggerListener.log JVM Version:                       17.0.7+7
22-Nov-2023 09:41:07.970 INFORMACIÓN [main] org.apache.catalina.startup.VersionLoggerListener.log Vededor JVM:                       Eclipse Adoptium
22-Nov-2023 09:41:07.970 INFORMACIÓN [main] org.apache.catalina.startup.VersionLoggerListener.log CATALINA_BASE:                     C:\Users\S2-PC00\Desktop\Nueva carpeta\Vinted-Grado-DAM
22-Nov-2023 09:41:07.970 INFORMACIÓN [main] org.apache.catalina.startup.VersionLoggerListener.log CATALINA_HOME:                     C:\Users\S2-PC00\Desktop\Nueva carpeta\Vinted-Grado-DAM\Software\apache-tomcat-9.0.83
22-Nov-2023 09:41:07.983 INFORMACIÓN [main] org.apache.catalina.startup.VersionLoggerListener.log Command line argument:             --add-opens=java.base/java.lang=ALL-UNNAMED
22-Nov-2023 09:41:07.983 INFORMACIÓN [main] org.apache.catalina.startup.VersionLoggerListener.log Command line argument:             --add-opens=java.base/java.io=ALL-UNNAMED
22-Nov-2023 09:41:07.983 INFORMACIÓN [main] org.apache.catalina.startup.VersionLoggerListener.log Command line argument:             --add-opens=java.base/java.util=ALL-UNNAMED
22-Nov-2023 09:41:07.983 INFORMACIÓN [main] org.apache.catalina.startup.VersionLoggerListener.log Command line argument:             --add-opens=java.base/java.util.concurrent=ALL-UNNAMED
22-Nov-2023 09:41:07.983 INFORMACIÓN [main] org.apache.catalina.startup.VersionLoggerListener.log Command line argument:             --add-opens=java.rmi/sun.rmi.transport=ALL-UNNAMED
22-Nov-2023 09:41:07.983 INFORMACIÓN [main] org.apache.catalina.startup.VersionLoggerListener.log Command line argument:             -Dcatalina.home=C:\Users\S2-PC00\Desktop\Nueva carpeta\Vinted-Grado-DAM\Software\apache-tomcat-9.0.83
22-Nov-2023 09:41:07.984 INFORMACIÓN [main] org.apache.catalina.startup.VersionLoggerListener.log Command line argument:             -Dcatalina.base=C:\Users\S2-PC00\Desktop\Nueva carpeta\Vinted-Grado-DAM
22-Nov-2023 09:41:07.984 INFORMACIÓN [main] org.apache.catalina.startup.VersionLoggerListener.log Command line argument:             -Djava.io.tmpdir=C:\Users\S2-PC00\Desktop\Nueva carpeta\Vinted-Grado-DAM\temp
22-Nov-2023 09:41:07.984 INFORMACIÓN [main] org.apache.catalina.startup.VersionLoggerListener.log Command line argument:             -Djava.util.logging.config.file=C:\Users\S2-PC00\Desktop\Nueva carpeta\Vinted-Grado-DAM\conf\logging.properties
22-Nov-2023 09:41:07.984 INFORMACIÓN [main] org.apache.catalina.startup.VersionLoggerListener.log Command line argument:             -Djava.util.logging.manager=org.apache.juli.ClassLoaderLogManager
22-Nov-2023 09:41:07.984 INFORMACIÓN [main] org.apache.catalina.startup.VersionLoggerListener.log Command line argument:             -javaagent:C:\Program Files\JetBrains\IntelliJ IDEA Community Edition 2023.1.3\lib\idea_rt.jar=62572:C:\Program Files\JetBrains\IntelliJ IDEA Community Edition 2023.1.3\bin
22-Nov-2023 09:41:07.984 INFORMACIÓN [main] org.apache.catalina.startup.VersionLoggerListener.log Command line argument:             -Dfile.encoding=UTF-8
22-Nov-2023 09:41:07.997 INFORMACIÓN [main] org.apache.catalina.core.AprLifecycleListener.lifecycleEvent La biblioteca nativa de Apache Tomcat basada en ARP que permite un rendimiento óptimo en entornos de desarrollo no ha sido hallada en java.library.path: [C:\Program Files\Eclipse Adoptium\jdk-17.0.7.7-hotspot\bin;C:\Windows\Sun\Java\bin;C:\Windows\system32;C:\Windows;C:\app\S2-PC00\product\21c\dbhomeXE\bin;C:\Program Files\Microsoft\jdk-11.0.16.101-hotspot\bin;C:\Program Files\Eclipse Adoptium\jdk-17.0.7.7-hotspot\bin;C:\Program Files\Eclipse Adoptium\jdk-11.0.19.7-hotspot\bin;C:\Program Files (x86)\Common Files\Oracle\Java\javapath;C:\Windows\system32;C:\Windows;C:\Windows\System32\Wbem;C:\Windows\System32\WindowsPowerShell\v1.0\;C:\Windows\System32\OpenSSH\;C:\apache-maven-3.9.2\bin;C:\Program Files\dotnet\;C:\Program Files\Git\cmd;C:\Program Files\Docker\Docker\resources\bin;C:\Users\S2-PC00\AppData\Roaming\nvm;C:\Program Files\nodejs;C:\Users\S2-PC00\AppData\Local\Microsoft\WindowsApps;C:\Users\S2-PC00\AppData\Local\Programs\Microsoft VS Code\bin;C:\Users\S2-PC00\.dotnet\tools;C:\Users\S2-PC00\AppData\Roaming\npm;C:\Users\S2-PC00\AppData\Roaming\nvm;C:\Program Files\nodejs;C:\Program Files\JetBrains\IntelliJ IDEA Community Edition 2023.1.3\bin;;C:\Users\S2-PC00\AppData\Local\GitHubDesktop\bin;.]
22-Nov-2023 09:41:08.280 INFORMACIÓN [main] org.apache.coyote.AbstractProtocol.init Inicializando el manejador de protocolo ["http-nio-8080"]

22-Nov-2023 09:41:08.302 INFORMACIÓN [main] org.apache.catalina.startup.Catalina.load Server initialization in [562] milliseconds
22-Nov-2023 09:41:08.350 INFORMACIÓN [main] org.apache.catalina.core.StandardService.startInternal Arrancando servicio [Catalina]
22-Nov-2023 09:41:08.351 INFORMACIÓN [main] org.apache.catalina.core.StandardEngine.startInternal Starting Servlet engine: [Apache Tomcat/9.0.83]
22-Nov-2023 09:41:08.360 INFORMACIÓN [main] org.apache.catalina.startup.HostConfig.deployDescriptor Desplieque del descriptor de configuración [C:\Users\S2-PC00\Desktop\Nueva carpeta\Vinted-Grado-DAM\conf\Catalina\localhost\ROOT.xml]
22-Nov-2023 09:41:09.061 INFORMACIÓN [main] org.apache.jasper.servlet.TldScanner.scanJars Al menos un JAR, que se ha explorado buscando TLDs, aún no contenía TLDs. Activar historial de depuración para este historiador para una completa lista de los JARs que fueron explorados y de los que nos se halló TLDs. Saltarse JARs no necesarios durante la exploración puede dar lugar a una mejora de tiempo significativa en el arranque y compilación de JSP .
22-Nov-2023 09:41:09.142 INFORMACIÓN [main] org.apache.catalina.startup.HostConfig.deployDescriptor Deployment of deployment descriptor [C:\Users\S2-PC00\Desktop\Nueva carpeta\Vinted-Grado-DAM\conf\Catalina\localhost\ROOT.xml] has finished in [780] ms
22-Nov-2023 09:41:09.145 INFORMACIÓN [main] org.apache.coyote.AbstractProtocol.start Starting ProtocolHandler ["http-nio-8080"]
22-Nov-2023 09:41:09.190 INFORMACIÓN [main] org.apache.catalina.startup.Catalina.start Server startup in [888] milliseconds
